[debug] [2024-08-18T19:03:26.169Z] ----------------------------------------------------------------------
[debug] [2024-08-18T19:03:26.172Z] Command:       C:\Program Files\nodejs\node.exe C:\Users\eveff\AppData\Roaming\npm\node_modules\firebase-tools\lib\bin\firebase.js init
[debug] [2024-08-18T19:03:26.172Z] CLI Version:   13.15.2
[debug] [2024-08-18T19:03:26.172Z] Platform:      win32
[debug] [2024-08-18T19:03:26.173Z] Node Version:  v20.10.0
[debug] [2024-08-18T19:03:26.173Z] Time:          Sun Aug 18 2024 16:03:26 GMT-0300 (Horário Padrão de Brasília)
[debug] [2024-08-18T19:03:26.173Z] ----------------------------------------------------------------------
[debug] 
[debug] [2024-08-18T19:03:26.263Z] > command requires scopes: ["email","openid","https://www.googleapis.com/auth/cloudplatformprojects.readonly","https://www.googleapis.com/auth/firebase","https://www.googleapis.com/auth/cloud-platform"]
[debug] [2024-08-18T19:03:26.264Z] > authorizing via signed-in user (eveffc@gmail.com)
[info] 
     ######## #### ########  ######## ########     ###     ######  ########
     ##        ##  ##     ## ##       ##     ##  ##   ##  ##       ##
     ######    ##  ########  ######   ########  #########  ######  ######
     ##        ##  ##    ##  ##       ##     ## ##     ##       ## ##
     ##       #### ##     ## ######## ########  ##     ##  ######  ########

You're about to initialize a Firebase project in this directory:

  C:\Users\eveff\Desktop\Sistemas\linktee_suhelln

Before we get started, keep in mind:

  * You are initializing within an existing Firebase project directory

